[0108/210050.054:ERROR:process_reader_win.cc(242)] ReadMemory at 0x76f50000 of 64 bytes failed: Запрос ReadProcessMemory или WriteProcessMemory был выполнен только частично. (0x12B)
[0108/210050.054:WARNING:pe_image_reader.cc(281)] could not read dos header from C:\Windows\SYSTEM32\ntdll.dll
[0108/210050.054:ERROR:process_reader_win.cc(242)] ReadMemory at 0x7fefcf90000 of 64 bytes failed: Запрос ReadProcessMemory или WriteProcessMemory был выполнен только частично. (0x12B)
[0108/210050.054:WARNING:pe_image_reader.cc(281)] could not read dos header from C:\Windows\system32\KERNELBASE.dll
[0108/210050.054:ERROR:process_reader_win.cc(242)] ReadMemory at 0x76d30000 of 64 bytes failed: Запрос ReadProcessMemory или WriteProcessMemory был выполнен только частично. (0x12B)
[0108/210050.054:WARNING:pe_image_reader.cc(281)] could not read dos header from C:\Windows\system32\KERNEL32.dll
[0108/210050.054:ERROR:process_reader_win.cc(242)] ReadMemory at 0x7feee180000 of 64 bytes failed: Запрос ReadProcessMemory или WriteProcessMemory был выполнен только частично. (0x12B)
[0108/210050.054:WARNING:pe_image_reader.cc(281)] could not read dos header from C:\Program Files\AVAST Software\Avast\snxhk64.dll
[0108/210050.054:ERROR:process_reader_win.cc(242)] ReadMemory at 0x7fefe1e0000 of 64 bytes failed: Запрос ReadProcessMemory или WriteProcessMemory был выполнен только частично. (0x12B)
[0108/210050.054:WARNING:pe_image_reader.cc(281)] could not read dos header from C:\Windows\system32\msvcrt.dll
[0108/210050.054:ERROR:process_reader_win.cc(242)] ReadMemory at 0x7fefbd20000 of 64 bytes failed: Запрос ReadProcessMemory или WriteProcessMemory был выполнен только частично. (0x12B)
[0108/210050.054:WARNING:pe_image_reader.cc(281)] could not read dos header from C:\Windows\system32\VERSION.dll
[0108/210050.054:ERROR:process_reader_win.cc(242)] ReadMemory at 0x7feee0e0000 of 64 bytes failed: Запрос ReadProcessMemory или WriteProcessMemory был выполнен только частично. (0x12B)
[0108/210050.054:WARNING:pe_image_reader.cc(281)] could not read dos header from C:\Program Files (x86)\Google\Chrome\Application\63.0.3239.132\chrome_elf.dll
[0108/210050.054:ERROR:process_reader_win.cc(242)] ReadMemory at 0x7fefe3a0000 of 64 bytes failed: Запрос ReadProcessMemory или WriteProcessMemory был выполнен только частично. (0x12B)
[0108/210050.054:WARNING:pe_image_reader.cc(281)] could not read dos header from C:\Windows\system32\RPCRT4.dll
[0108/210050.054:ERROR:process_reader_win.cc(242)] ReadMemory at 0x7fefd000000 of 64 bytes failed: Запрос ReadProcessMemory или WriteProcessMemory был выполнен только частично. (0x12B)
[0108/210050.054:WARNING:pe_image_reader.cc(281)] could not read dos header from C:\Windows\SYSTEM32\sechost.dll
[0108/210050.054:ERROR:process_reader_win.cc(242)] ReadMemory at 0x7fefe020000 of 64 bytes failed: Запрос ReadProcessMemory или WriteProcessMemory был выполнен только частично. (0x12B)
[0108/210050.054:WARNING:pe_image_reader.cc(281)] could not read dos header from C:\Windows\system32\ADVAPI32.dll
[0108/210050.054:ERROR:process_reader_win.cc(242)] ReadMemory at 0x77110000 of 64 bytes failed: Запрос ReadProcessMemory или WriteProcessMemory был выполнен только частично. (0x12B)
[0108/210050.054:WARNING:pe_image_reader.cc(281)] could not read dos header from C:\Windows\system32\PSAPI.DLL
[0108/210050.054:ERROR:process_reader_win.cc(242)] ReadMemory at 0x560000 of 64 bytes failed: Запрос ReadProcessMemory или WriteProcessMemory был выполнен только частично. (0x12B)
[0108/210050.054:WARNING:pe_image_reader.cc(281)] could not read dos header from C:\Windows\system32\USER32.dll
[0108/210050.054:ERROR:process_reader_win.cc(242)] ReadMemory at 0x7fefd360000 of 64 bytes failed: Запрос ReadProcessMemory или WriteProcessMemory был выполнен только частично. (0x12B)
[0108/210050.054:WARNING:pe_image_reader.cc(281)] could not read dos header from C:\Windows\system32\USP10.dll
[0108/210050.054:ERROR:process_reader_win.cc(242)] ReadMemory at 0x7fefdb50000 of 64 bytes failed: Запрос ReadProcessMemory или WriteProcessMemory был выполнен только частично. (0x12B)
[0108/210050.054:WARNING:pe_image_reader.cc(281)] could not read dos header from C:\Windows\system32\LPK.dll
[0108/210050.054:ERROR:process_reader_win.cc(242)] ReadMemory at 0x7fefdfb0000 of 64 bytes failed: Запрос ReadProcessMemory или WriteProcessMemory был выполнен только частично. (0x12B)
[0108/210050.054:WARNING:pe_image_reader.cc(281)] could not read dos header from C:\Windows\system32\GDI32.dll
[0108/210050.054:ERROR:process_reader_win.cc(242)] ReadMemory at 0x7fefdf30000 of 64 bytes failed: Запрос ReadProcessMemory или WriteProcessMemory был выполнен только частично. (0x12B)
[0108/210050.054:WARNING:pe_image_reader.cc(281)] could not read dos header from C:\Windows\system32\SHLWAPI.dll
[0108/210050.054:ERROR:process_reader_win.cc(242)] ReadMemory at 0x7fefe4d0000 of 64 bytes failed: Запрос ReadProcessMemory или WriteProcessMemory был выполнен только частично. (0x12B)
[0108/210050.054:WARNING:pe_image_reader.cc(281)] could not read dos header from C:\Windows\system32\SHELL32.dll
[0108/210050.054:ERROR:process_reader_win.cc(242)] ReadMemory at 0x7fef70f0000 of 64 bytes failed: Запрос ReadProcessMemory или WriteProcessMemory был выполнен только частично. (0x12B)
[0108/210050.054:WARNING:pe_image_reader.cc(281)] could not read dos header from C:\Windows\system32\WINMM.dll
[0108/210050.054:ERROR:process_reader_win.cc(242)] ReadMemory at 0x7fefcc50000 of 64 bytes failed: Запрос ReadProcessMemory или WriteProcessMemory был выполнен только частично. (0x12B)
[0108/210050.054:WARNING:pe_image_reader.cc(281)] could not read dos header from C:\Windows\system32\profapi.dll
[0108/210050.054:ERROR:process_reader_win.cc(242)] ReadMemory at 0x7fefccb0000 of 64 bytes failed: Запрос ReadProcessMemory или WriteProcessMemory был выполнен только частично. (0x12B)
[0108/210050.054:WARNING:pe_image_reader.cc(281)] could not read dos header from C:\Windows\system32\USERENV.dll
[0108/210050.054:ERROR:process_reader_win.cc(242)] ReadMemory at 0x7fef54e0000 of 64 bytes failed: Запрос ReadProcessMemory или WriteProcessMemory был выполнен только частично. (0x12B)
[0108/210050.054:WARNING:pe_image_reader.cc(281)] could not read dos header from C:\Windows\system32\webio.dll
[0108/210050.054:ERROR:process_reader_win.cc(242)] ReadMemory at 0x7fef55f0000 of 64 bytes failed: Запрос ReadProcessMemory или WriteProcessMemory был выполнен только частично. (0x12B)
[0108/210050.054:WARNING:pe_image_reader.cc(281)] could not read dos header from C:\Windows\system32\WINHTTP.dll
[0108/210050.054:ERROR:process_reader_win.cc(242)] ReadMemory at 0x7fef6300000 of 64 bytes failed: Запрос ReadProcessMemory или WriteProcessMemory был выполнен только частично. (0x12B)
[0108/210050.054:WARNING:pe_image_reader.cc(281)] could not read dos header from C:\Windows\system32\api-ms-win-core-synch-l1-2-0.DLL
[0108/210050.054:ERROR:process_reader_win.cc(242)] ReadMemory at 0x7fefd630000 of 64 bytes failed: Запрос ReadProcessMemory или WriteProcessMemory был выполнен только частично. (0x12B)
[0108/210050.054:WARNING:pe_image_reader.cc(281)] could not read dos header from C:\Windows\system32\MSCTF.dll
[0108/210050.054:ERROR:process_reader_win.cc(242)] ReadMemory at 0x7fefdb20000 of 64 bytes failed: Запрос ReadProcessMemory или WriteProcessMemory был выполнен только частично. (0x12B)
[0108/210050.054:WARNING:pe_image_reader.cc(281)] could not read dos header from C:\Windows\system32\IMM32.DLL
[0108/210050.054:ERROR:process_reader_win.cc(242)] ReadMemory at 0x7fefd430000 of 64 bytes failed: Запрос ReadProcessMemory или WriteProcessMemory был выполнен только частично. (0x12B)
[0108/210050.054:WARNING:pe_image_reader.cc(281)] could not read dos header from C:\Windows\system32\ole32.dll
[0108/210050.054:ERROR:process_reader_win.cc(242)] ReadMemory at 0x7fefe100000 of 64 bytes failed: Запрос ReadProcessMemory или WriteProcessMemory был выполнен только частично. (0x12B)
[0108/210050.054:WARNING:pe_image_reader.cc(281)] could not read dos header from C:\Windows\system32\OLEAUT32.dll
[0108/210050.054:ERROR:process_reader_win.cc(242)] ReadMemory at 0x7fefd8d0000 of 64 bytes failed: Запрос ReadProcessMemory или WriteProcessMemory был выполнен только частично. (0x12B)
[0108/210050.054:WARNING:pe_image_reader.cc(281)] could not read dos header from C:\Windows\system32\NSI.dll
[0108/210050.054:ERROR:process_reader_win.cc(242)] ReadMemory at 0x7fefd2f0000 of 64 bytes failed: Запрос ReadProcessMemory или WriteProcessMemory был выполнен только частично. (0x12B)
[0108/210050.054:WARNING:pe_image_reader.cc(281)] could not read dos header from C:\Windows\system32\WS2_32.dll
[0108/210050.054:ERROR:process_reader_win.cc(242)] ReadMemory at 0x7fefcc40000 of 64 bytes failed: Запрос ReadProcessMemory или WriteProcessMemory был выполнен только частично. (0x12B)
[0108/210050.054:WARNING:pe_image_reader.cc(281)] could not read dos header from C:\Windows\system32\MSASN1.dll
[0108/210050.054:ERROR:process_reader_win.cc(242)] ReadMemory at 0x7fefcd00000 of 64 bytes failed: Запрос ReadProcessMemory или WriteProcessMemory был выполнен только частично. (0x12B)
[0108/210050.054:WARNING:pe_image_reader.cc(281)] could not read dos header from C:\Windows\system32\CRYPT32.dll
[0108/210050.054:ERROR:process_reader_win.cc(242)] ReadMemory at 0x7fefce70000 of 64 bytes failed: Запрос ReadProcessMemory или WriteProcessMemory был выполнен только частично. (0x12B)
[0108/210050.054:WARNING:pe_image_reader.cc(281)] could not read dos header from C:\Windows\system32\WINTRUST.dll
[0108/210050.054:ERROR:process_reader_win.cc(242)] ReadMemory at 0x7fefb690000 of 64 bytes failed: Запрос ReadProcessMemory или WriteProcessMemory был выполнен только частично. (0x12B)
[0108/210050.054:WARNING:pe_image_reader.cc(281)] could not read dos header from C:\Windows\WinSxS\amd64_microsoft.windows.common-controls_6595b64144ccf1df_6.0.7601.18837_none_fa3b1e3d17594757\COMCTL32.dll
[0108/210050.054:ERROR:process_reader_win.cc(242)] ReadMemory at 0x7fefdb60000 of 64 bytes failed: Запрос ReadProcessMemory или WriteProcessMemory был выполнен только частично. (0x12B)
[0108/210050.054:WARNING:pe_image_reader.cc(281)] could not read dos header from C:\Windows\system32\COMDLG32.dll
[0108/210050.054:ERROR:process_reader_win.cc(242)] ReadMemory at 0x7fef11c0000 of 64 bytes failed: Запрос ReadProcessMemory или WriteProcessMemory был выполнен только частично. (0x12B)
[0108/210050.054:WARNING:pe_image_reader.cc(281)] could not read dos header from C:\Windows\system32\dbghelp.dll
[0108/210050.054:ERROR:process_reader_win.cc(242)] ReadMemory at 0x7fef5350000 of 64 bytes failed: Запрос ReadProcessMemory или WriteProcessMemory был выполнен только частично. (0x12B)
[0108/210050.054:WARNING:pe_image_reader.cc(281)] could not read dos header from C:\Windows\system32\WINSPOOL.DRV
[0108/210050.054:ERROR:process_reader_win.cc(242)] ReadMemory at 0x7fefb0a0000 of 64 bytes failed: Запрос ReadProcessMemory или WriteProcessMemory был выполнен только частично. (0x12B)
[0108/210050.054:WARNING:pe_image_reader.cc(281)] could not read dos header from C:\Windows\system32\WINNSI.DLL
[0108/210050.054:ERROR:process_reader_win.cc(242)] ReadMemory at 0x7fefb0b0000 of 64 bytes failed: Запрос ReadProcessMemory или WriteProcessMemory был выполнен только частично. (0x12B)
[0108/210050.054:WARNING:pe_image_reader.cc(281)] could not read dos header from C:\Windows\system32\IPHLPAPI.DLL
[0108/210050.054:ERROR:process_reader_win.cc(242)] ReadMemory at 0x7fefca20000 of 64 bytes failed: Запрос ReadProcessMemory или WriteProcessMemory был выполнен только частично. (0x12B)
[0108/210050.054:WARNING:pe_image_reader.cc(281)] could not read dos header from C:\Windows\system32\Secur32.dll
[0108/210050.054:ERROR:process_reader_win.cc(242)] ReadMemory at 0x7fefca50000 of 64 bytes failed: Запрос ReadProcessMemory или WriteProcessMemory был выполнен только частично. (0x12B)
[0108/210050.054:WARNING:pe_image_reader.cc(281)] could not read dos header from C:\Windows\system32\SSPICLI.DLL
[0108/210050.054:ERROR:process_reader_win.cc(242)] ReadMemory at 0x7fefceb0000 of 64 bytes failed: Запрос ReadProcessMemory или WriteProcessMemory был выполнен только частично. (0x12B)
[0108/210050.054:WARNING:pe_image_reader.cc(281)] could not read dos header from C:\Windows\system32\api-ms-win-downlevel-ole32-l1-1-0.dll
[0108/210050.054:ERROR:process_reader_win.cc(242)] ReadMemory at 0x7fefccf0000 of 64 bytes failed: Запрос ReadProcessMemory или WriteProcessMemory был выполнен только частично. (0x12B)
[0108/210050.054:WARNING:pe_image_reader.cc(281)] could not read dos header from C:\Windows\system32\api-ms-win-downlevel-shlwapi-l1-1-0.dll
[0108/210050.054:ERROR:process_reader_win.cc(242)] ReadMemory at 0x7fefced0000 of 64 bytes failed: Запрос ReadProcessMemory или WriteProcessMemory был выполнен только частично. (0x12B)
[0108/210050.054:WARNING:pe_image_reader.cc(281)] could not read dos header from C:\Windows\system32\api-ms-win-downlevel-advapi32-l1-1-0.dll
[0108/210050.054:ERROR:process_reader_win.cc(242)] ReadMemory at 0x7fefcc60000 of 64 bytes failed: Запрос ReadProcessMemory или WriteProcessMemory был выполнен только частично. (0x12B)
[0108/210050.054:WARNING:pe_image_reader.cc(281)] could not read dos header from C:\Windows\system32\api-ms-win-downlevel-user32-l1-1-0.dll
[0108/210050.054:ERROR:process_reader_win.cc(242)] ReadMemory at 0x7fefcee0000 of 64 bytes failed: Запрос ReadProcessMemory или WriteProcessMemory был выполнен только частично. (0x12B)
[0108/210050.054:WARNING:pe_image_reader.cc(281)] could not read dos header from C:\Windows\system32\api-ms-win-downlevel-version-l1-1-0.dll
[0108/210050.054:ERROR:process_reader_win.cc(242)] ReadMemory at 0x7fefcec0000 of 64 bytes failed: Запрос ReadProcessMemory или WriteProcessMemory был выполнен только частично. (0x12B)
[0108/210050.054:WARNING:pe_image_reader.cc(281)] could not read dos header from C:\Windows\system32\api-ms-win-downlevel-normaliz-l1-1-0.dll
[0108/210050.054:ERROR:process_reader_win.cc(242)] ReadMemory at 0x77120000 of 64 bytes failed: Запрос ReadProcessMemory или WriteProcessMemory был выполнен только частично. (0x12B)
[0108/210050.054:WARNING:pe_image_reader.cc(281)] could not read dos header from C:\Windows\system32\normaliz.DLL
[0108/210050.054:ERROR:process_reader_win.cc(242)] ReadMemory at 0x7fefd020000 of 64 bytes failed: Запрос ReadProcessMemory или WriteProcessMemory был выполнен только частично. (0x12B)
[0108/210050.054:WARNING:pe_image_reader.cc(281)] could not read dos header from C:\Windows\system32\iertutil.dll
[0108/210050.054:ERROR:process_reader_win.cc(242)] ReadMemory at 0x7fefdc00000 of 64 bytes failed: Запрос ReadProcessMemory или WriteProcessMemory был выполнен только частично. (0x12B)
[0108/210050.054:WARNING:pe_image_reader.cc(281)] could not read dos header from C:\Windows\system32\WININET.dll
[0108/210050.054:ERROR:process_reader_win.cc(242)] ReadMemory at 0x7fefd740000 of 64 bytes failed: Запрос ReadProcessMemory или WriteProcessMemory был выполнен только частично. (0x12B)
[0108/210050.054:WARNING:pe_image_reader.cc(281)] could not read dos header from C:\Windows\system32\urlmon.dll
[0108/210050.054:ERROR:process_reader_win.cc(242)] ReadMemory at 0x7feeab20000 of 64 bytes failed: Запрос ReadProcessMemory или WriteProcessMemory был выполнен только частично. (0x12B)
[0108/210050.054:WARNING:pe_image_reader.cc(281)] could not read dos header from C:\Windows\system32\DWrite.dll
[0108/210050.054:ERROR:process_reader_win.cc(242)] ReadMemory at 0x7fee6930000 of 64 bytes failed: Запрос ReadProcessMemory или WriteProcessMemory был выполнен только частично. (0x12B)
[0108/210050.054:WARNING:pe_image_reader.cc(281)] could not read dos header from C:\Program Files (x86)\Google\Chrome\Application\63.0.3239.132\chrome_child.dll
[0108/210050.054:ERROR:process_reader_win.cc(242)] ReadMemory at 0x7feeaa90000 of 64 bytes failed: Запрос ReadProcessMemory или WriteProcessMemory был выполнен только частично. (0x12B)
[0108/210050.054:WARNING:pe_image_reader.cc(281)] could not read dos header from C:\Program Files\AVAST Software\Avast\x64\aswJsFlt.dll
[0108/210050.054:ERROR:process_reader_win.cc(242)] ReadMemory at 0x7fefcae0000 of 64 bytes failed: Запрос ReadProcessMemory или WriteProcessMemory был выполнен только частично. (0x12B)
[0108/210050.054:WARNING:pe_image_reader.cc(281)] could not read dos header from C:\Windows\system32\cryptbase.dll
[0108/210050.116:ERROR:process_reader_win.cc(242)] ReadMemory at 0x13f5b0000 of 64 bytes failed: Запрос ReadProcessMemory или WriteProcessMemory был выполнен только частично. (0x12B)
[0108/210050.116:WARNING:pe_image_reader.cc(281)] could not read dos header from C:\Program Files (x86)\Google\Chrome\Application\chrome.exe
[0108/210050.116:ERROR:process_reader_win.cc(242)] ReadMemory at 0x76f50000 of 64 bytes failed: Запрос ReadProcessMemory или WriteProcessMemory был выполнен только частично. (0x12B)
[0108/210050.116:WARNING:pe_image_reader.cc(281)] could not read dos header from C:\Windows\SYSTEM32\ntdll.dll
[0108/210050.116:ERROR:process_reader_win.cc(242)] ReadMemory at 0x7fefcf90000 of 64 bytes failed: Запрос ReadProcessMemory или WriteProcessMemory был выполнен только частично. (0x12B)
[0108/210050.116:WARNING:pe_image_reader.cc(281)] could not read dos header from C:\Windows\system32\KERNELBASE.dll
[0108/210050.116:ERROR:process_reader_win.cc(242)] ReadMemory at 0x76d30000 of 64 bytes failed: Запрос ReadProcessMemory или WriteProcessMemory был выполнен только частично. (0x12B)
[0108/210050.116:WARNING:pe_image_reader.cc(281)] could not read dos header from C:\Windows\system32\KERNEL32.dll
[0108/210050.116:ERROR:process_reader_win.cc(242)] ReadMemory at 0x7feee180000 of 64 bytes failed: Запрос ReadProcessMemory или WriteProcessMemory был выполнен только частично. (0x12B)
[0108/210050.116:WARNING:pe_image_reader.cc(281)] could not read dos header from C:\Program Files\AVAST Software\Avast\snxhk64.dll
[0108/210050.116:ERROR:process_reader_win.cc(242)] ReadMemory at 0x7fefe1e0000 of 64 bytes failed: Запрос ReadProcessMemory или WriteProcessMemory был выполнен только частично. (0x12B)
[0108/210050.116:WARNING:pe_image_reader.cc(281)] could not read dos header from C:\Windows\system32\msvcrt.dll
[0108/210050.116:ERROR:process_reader_win.cc(242)] ReadMemory at 0x7fefbd20000 of 64 bytes failed: Запрос ReadProcessMemory или WriteProcessMemory был выполнен только частично. (0x12B)
[0108/210050.116:WARNING:pe_image_reader.cc(281)] could not read dos header from C:\Windows\system32\VERSION.dll
[0108/210050.116:ERROR:process_reader_win.cc(242)] ReadMemory at 0x7feee0e0000 of 64 bytes failed: Запрос ReadProcessMemory или WriteProcessMemory был выполнен только частично. (0x12B)
[0108/210050.116:WARNING:pe_image_reader.cc(281)] could not read dos header from C:\Program Files (x86)\Google\Chrome\Application\63.0.3239.132\chrome_elf.dll
[0108/210050.116:ERROR:process_reader_win.cc(242)] ReadMemory at 0x7fefe3a0000 of 64 bytes failed: Запрос ReadProcessMemory или WriteProcessMemory был выполнен только частично. (0x12B)
[0108/210050.116:WARNING:pe_image_reader.cc(281)] could not read dos header from C:\Windows\system32\RPCRT4.dll
[0108/210050.116:ERROR:process_reader_win.cc(242)] ReadMemory at 0x7fefd000000 of 64 bytes failed: Запрос ReadProcessMemory или WriteProcessMemory был выполнен только частично. (0x12B)
[0108/210050.116:WARNING:pe_image_reader.cc(281)] could not read dos header from C:\Windows\SYSTEM32\sechost.dll
[0108/210050.116:ERROR:process_reader_win.cc(242)] ReadMemory at 0x7fefe020000 of 64 bytes failed: Запрос ReadProcessMemory или WriteProcessMemory был выполнен только частично. (0x12B)
[0108/210050.116:WARNING:pe_image_reader.cc(281)] could not read dos header from C:\Windows\system32\ADVAPI32.dll
[0108/210050.116:ERROR:process_reader_win.cc(242)] ReadMemory at 0x77110000 of 64 bytes failed: Запрос ReadProcessMemory или WriteProcessMemory был выполнен только частично. (0x12B)
[0108/210050.116:WARNING:pe_image_reader.cc(281)] could not read dos header from C:\Windows\system32\PSAPI.DLL
[0108/210050.116:ERROR:process_reader_win.cc(242)] ReadMemory at 0x560000 of 64 bytes failed: Запрос ReadProcessMemory или WriteProcessMemory был выполнен только частично. (0x12B)
[0108/210050.116:WARNING:pe_image_reader.cc(281)] could not read dos header from C:\Windows\system32\USER32.dll
[0108/210050.116:ERROR:process_reader_win.cc(242)] ReadMemory at 0x7fefd360000 of 64 bytes failed: Запрос ReadProcessMemory или WriteProcessMemory был выполнен только частично. (0x12B)
[0108/210050.116:WARNING:pe_image_reader.cc(281)] could not read dos header from C:\Windows\system32\USP10.dll
[0108/210050.116:ERROR:process_reader_win.cc(242)] ReadMemory at 0x7fefdb50000 of 64 bytes failed: Запрос ReadProcessMemory или WriteProcessMemory был выполнен только частично. (0x12B)
[0108/210050.116:WARNING:pe_image_reader.cc(281)] could not read dos header from C:\Windows\system32\LPK.dll
[0108/210050.116:ERROR:process_reader_win.cc(242)] ReadMemory at 0x7fefdfb0000 of 64 bytes failed: Запрос ReadProcessMemory или WriteProcessMemory был выполнен только частично. (0x12B)
[0108/210050.116:WARNING:pe_image_reader.cc(281)] could not read dos header from C:\Windows\system32\GDI32.dll
[0108/210050.116:ERROR:process_reader_win.cc(242)] ReadMemory at 0x7fefdf30000 of 64 bytes failed: Запрос ReadProcessMemory или WriteProcessMemory был выполнен только частично. (0x12B)
[0108/210050.116:WARNING:pe_image_reader.cc(281)] could not read dos header from C:\Windows\system32\SHLWAPI.dll
[0108/210050.116:ERROR:process_reader_win.cc(242)] ReadMemory at 0x7fefe4d0000 of 64 bytes failed: Запрос ReadProcessMemory или WriteProcessMemory был выполнен только частично. (0x12B)
[0108/210050.116:WARNING:pe_image_reader.cc(281)] could not read dos header from C:\Windows\system32\SHELL32.dll
[0108/210050.116:ERROR:process_reader_win.cc(242)] ReadMemory at 0x7fef70f0000 of 64 bytes failed: Запрос ReadProcessMemory или WriteProcessMemory был выполнен только частично. (0x12B)
[0108/210050.116:WARNING:pe_image_reader.cc(281)] could not read dos header from C:\Windows\system32\WINMM.dll
[0108/210050.116:ERROR:process_reader_win.cc(242)] ReadMemory at 0x7fefcc50000 of 64 bytes failed: Запрос ReadProcessMemory или WriteProcessMemory был выполнен только частично. (0x12B)
[0108/210050.116:WARNING:pe_image_reader.cc(281)] could not read dos header from C:\Windows\system32\profapi.dll
[0108/210050.116:ERROR:process_reader_win.cc(242)] ReadMemory at 0x7fefccb0000 of 64 bytes failed: Запрос ReadProcessMemory или WriteProcessMemory был выполнен только частично. (0x12B)
[0108/210050.116:WARNING:pe_image_reader.cc(281)] could not read dos header from C:\Windows\system32\USERENV.dll
[0108/210050.116:ERROR:process_reader_win.cc(242)] ReadMemory at 0x7fef54e0000 of 64 bytes failed: Запрос ReadProcessMemory или WriteProcessMemory был выполнен только частично. (0x12B)
[0108/210050.116:WARNING:pe_image_reader.cc(281)] could not read dos header from C:\Windows\system32\webio.dll
[0108/210050.116:ERROR:process_reader_win.cc(242)] ReadMemory at 0x7fef55f0000 of 64 bytes failed: Запрос ReadProcessMemory или WriteProcessMemory был выполнен только частично. (0x12B)
[0108/210050.116:WARNING:pe_image_reader.cc(281)] could not read dos header from C:\Windows\system32\WINHTTP.dll
[0108/210050.116:ERROR:process_reader_win.cc(242)] ReadMemory at 0x7fef6300000 of 64 bytes failed: Запрос ReadProcessMemory или WriteProcessMemory был выполнен только частично. (0x12B)
[0108/210050.116:WARNING:pe_image_reader.cc(281)] could not read dos header from C:\Windows\system32\api-ms-win-core-synch-l1-2-0.DLL
[0108/210050.116:ERROR:process_reader_win.cc(242)] ReadMemory at 0x7fefd630000 of 64 bytes failed: Запрос ReadProcessMemory или WriteProcessMemory был выполнен только частично. (0x12B)
[0108/210050.116:WARNING:pe_image_reader.cc(281)] could not read dos header from C:\Windows\system32\MSCTF.dll
[0108/210050.116:ERROR:process_reader_win.cc(242)] ReadMemory at 0x7fefdb20000 of 64 bytes failed: Запрос ReadProcessMemory или WriteProcessMemory был выполнен только частично. (0x12B)
[0108/210050.116:WARNING:pe_image_reader.cc(281)] could not read dos header from C:\Windows\system32\IMM32.DLL
[0108/210050.116:ERROR:process_reader_win.cc(242)] ReadMemory at 0x7fefd430000 of 64 bytes failed: Запрос ReadProcessMemory или WriteProcessMemory был выполнен только частично. (0x12B)
[0108/210050.116:WARNING:pe_image_reader.cc(281)] could not read dos header from C:\Windows\system32\ole32.dll
[0108/210050.116:ERROR:process_reader_win.cc(242)] ReadMemory at 0x7fefe100000 of 64 bytes failed: Запрос ReadProcessMemory или WriteProcessMemory был выполнен только частично. (0x12B)
[0108/210050.116:WARNING:pe_image_reader.cc(281)] could not read dos header from C:\Windows\system32\OLEAUT32.dll
[0108/210050.116:ERROR:process_reader_win.cc(242)] ReadMemory at 0x7fefd8d0000 of 64 bytes failed: Запрос ReadProcessMemory или WriteProcessMemory был выполнен только частично. (0x12B)
[0108/210050.116:WARNING:pe_image_reader.cc(281)] could not read dos header from C:\Windows\system32\NSI.dll
[0108/210050.116:ERROR:process_reader_win.cc(242)] ReadMemory at 0x7fefd2f0000 of 64 bytes failed: Запрос ReadProcessMemory или WriteProcessMemory был выполнен только частично. (0x12B)
[0108/210050.116:WARNING:pe_image_reader.cc(281)] could not read dos header from C:\Windows\system32\WS2_32.dll
[0108/210050.116:ERROR:process_reader_win.cc(242)] ReadMemory at 0x7fefcc40000 of 64 bytes failed: Запрос ReadProcessMemory или WriteProcessMemory был выполнен только частично. (0x12B)
[0108/210050.116:WARNING:pe_image_reader.cc(281)] could not read dos header from C:\Windows\system32\MSASN1.dll
[0108/210050.116:ERROR:process_reader_win.cc(242)] ReadMemory at 0x7fefcd00000 of 64 bytes failed: Запрос ReadProcessMemory или WriteProcessMemory был выполнен только частично. (0x12B)
[0108/210050.116:WARNING:pe_image_reader.cc(281)] could not read dos header from C:\Windows\system32\CRYPT32.dll
[0108/210050.116:ERROR:process_reader_win.cc(242)] ReadMemory at 0x7fefce70000 of 64 bytes failed: Запрос ReadProcessMemory или WriteProcessMemory был выполнен только частично. (0x12B)
[0108/210050.116:WARNING:pe_image_reader.cc(281)] could not read dos header from C:\Windows\system32\WINTRUST.dll
[0108/210050.116:ERROR:process_reader_win.cc(242)] ReadMemory at 0x7fefb690000 of 64 bytes failed: Запрос ReadProcessMemory или WriteProcessMemory был выполнен только частично. (0x12B)
[0108/210050.116:WARNING:pe_image_reader.cc(281)] could not read dos header from C:\Windows\WinSxS\amd64_microsoft.windows.common-controls_6595b64144ccf1df_6.0.7601.18837_none_fa3b1e3d17594757\COMCTL32.dll
[0108/210050.116:ERROR:process_reader_win.cc(242)] ReadMemory at 0x7fefdb60000 of 64 bytes failed: Запрос ReadProcessMemory или WriteProcessMemory был выполнен только частично. (0x12B)
[0108/210050.116:WARNING:pe_image_reader.cc(281)] could not read dos header from C:\Windows\system32\COMDLG32.dll
[0108/210050.116:ERROR:process_reader_win.cc(242)] ReadMemory at 0x7fef11c0000 of 64 bytes failed: Запрос ReadProcessMemory или WriteProcessMemory был выполнен только частично. (0x12B)
[0108/210050.116:WARNING:pe_image_reader.cc(281)] could not read dos header from C:\Windows\system32\dbghelp.dll
[0108/210050.116:ERROR:process_reader_win.cc(242)] ReadMemory at 0x7fef5350000 of 64 bytes failed: Запрос ReadProcessMemory или WriteProcessMemory был выполнен только частично. (0x12B)
[0108/210050.116:WARNING:pe_image_reader.cc(281)] could not read dos header from C:\Windows\system32\WINSPOOL.DRV
[0108/210050.116:ERROR:process_reader_win.cc(242)] ReadMemory at 0x7fefb0a0000 of 64 bytes failed: Запрос ReadProcessMemory или WriteProcessMemory был выполнен только частично. (0x12B)
[0108/210050.116:WARNING:pe_image_reader.cc(281)] could not read dos header from C:\Windows\system32\WINNSI.DLL
[0108/210050.116:ERROR:process_reader_win.cc(242)] ReadMemory at 0x7fefb0b0000 of 64 bytes failed: Запрос ReadProcessMemory или WriteProcessMemory был выполнен только частично. (0x12B)
[0108/210050.116:WARNING:pe_image_reader.cc(281)] could not read dos header from C:\Windows\system32\IPHLPAPI.DLL
[0108/210050.116:ERROR:process_reader_win.cc(242)] ReadMemory at 0x7fefca20000 of 64 bytes failed: Запрос ReadProcessMemory или WriteProcessMemory был выполнен только частично. (0x12B)
[0108/210050.116:WARNING:pe_image_reader.cc(281)] could not read dos header from C:\Windows\system32\Secur32.dll
[0108/210050.116:ERROR:process_reader_win.cc(242)] ReadMemory at 0x7fefca50000 of 64 bytes failed: Запрос ReadProcessMemory или WriteProcessMemory был выполнен только частично. (0x12B)
[0108/210050.116:WARNING:pe_image_reader.cc(281)] could not read dos header from C:\Windows\system32\SSPICLI.DLL
[0108/210050.116:ERROR:process_reader_win.cc(242)] ReadMemory at 0x7fefceb0000 of 64 bytes failed: Запрос ReadProcessMemory или WriteProcessMemory был выполнен только частично. (0x12B)
[0108/210050.116:WARNING:pe_image_reader.cc(281)] could not read dos header from C:\Windows\system32\api-ms-win-downlevel-ole32-l1-1-0.dll
[0108/210050.116:ERROR:process_reader_win.cc(242)] ReadMemory at 0x7fefccf0000 of 64 bytes failed: Запрос ReadProcessMemory или WriteProcessMemory был выполнен только частично. (0x12B)
[0108/210050.116:WARNING:pe_image_reader.cc(281)] could not read dos header from C:\Windows\system32\api-ms-win-downlevel-shlwapi-l1-1-0.dll
[0108/210050.116:ERROR:process_reader_win.cc(242)] ReadMemory at 0x7fefced0000 of 64 bytes failed: Запрос ReadProcessMemory или WriteProcessMemory был выполнен только частично. (0x12B)
[0108/210050.116:WARNING:pe_image_reader.cc(281)] could not read dos header from C:\Windows\system32\api-ms-win-downlevel-advapi32-l1-1-0.dll
[0108/210050.116:ERROR:process_reader_win.cc(242)] ReadMemory at 0x7fefcc60000 of 64 bytes failed: Запрос ReadProcessMemory или WriteProcessMemory был выполнен только частично. (0x12B)
[0108/210050.116:WARNING:pe_image_reader.cc(281)] could not read dos header from C:\Windows\system32\api-ms-win-downlevel-user32-l1-1-0.dll
[0108/210050.116:ERROR:process_reader_win.cc(242)] ReadMemory at 0x7fefcee0000 of 64 bytes failed: Запрос ReadProcessMemory или WriteProcessMemory был выполнен только частично. (0x12B)
[0108/210050.116:WARNING:pe_image_reader.cc(281)] could not read dos header from C:\Windows\system32\api-ms-win-downlevel-version-l1-1-0.dll
[0108/210050.116:ERROR:process_reader_win.cc(242)] ReadMemory at 0x7fefcec0000 of 64 bytes failed: Запрос ReadProcessMemory или WriteProcessMemory был выполнен только частично. (0x12B)
[0108/210050.116:WARNING:pe_image_reader.cc(281)] could not read dos header from C:\Windows\system32\api-ms-win-downlevel-normaliz-l1-1-0.dll
[0108/210050.116:ERROR:process_reader_win.cc(242)] ReadMemory at 0x77120000 of 64 bytes failed: Запрос ReadProcessMemory или WriteProcessMemory был выполнен только частично. (0x12B)
[0108/210050.116:WARNING:pe_image_reader.cc(281)] could not read dos header from C:\Windows\system32\normaliz.DLL
[0108/210050.116:ERROR:process_reader_win.cc(242)] ReadMemory at 0x7fefd020000 of 64 bytes failed: Запрос ReadProcessMemory или WriteProcessMemory был выполнен только частично. (0x12B)
[0108/210050.116:WARNING:pe_image_reader.cc(281)] could not read dos header from C:\Windows\system32\iertutil.dll
[0108/210050.116:ERROR:process_reader_win.cc(242)] ReadMemory at 0x7fefdc00000 of 64 bytes failed: Запрос ReadProcessMemory или WriteProcessMemory был выполнен только частично. (0x12B)
[0108/210050.116:WARNING:pe_image_reader.cc(281)] could not read dos header from C:\Windows\system32\WININET.dll
[0108/210050.116:ERROR:process_reader_win.cc(242)] ReadMemory at 0x7fefd740000 of 64 bytes failed: Запрос ReadProcessMemory или WriteProcessMemory был выполнен только частично. (0x12B)
[0108/210050.116:WARNING:pe_image_reader.cc(281)] could not read dos header from C:\Windows\system32\urlmon.dll
[0108/210050.116:ERROR:process_reader_win.cc(242)] ReadMemory at 0x7feeab20000 of 64 bytes failed: Запрос ReadProcessMemory или WriteProcessMemory был выполнен только частично. (0x12B)
[0108/210050.116:WARNING:pe_image_reader.cc(281)] could not read dos header from C:\Windows\system32\DWrite.dll
[0108/210050.116:ERROR:process_reader_win.cc(242)] ReadMemory at 0x7fee6930000 of 64 bytes failed: Запрос ReadProcessMemory или WriteProcessMemory был выполнен только частично. (0x12B)
[0108/210050.116:WARNING:pe_image_reader.cc(281)] could not read dos header from C:\Program Files (x86)\Google\Chrome\Application\63.0.3239.132\chrome_child.dll
[0108/210050.116:ERROR:process_reader_win.cc(242)] ReadMemory at 0x7feeaa90000 of 64 bytes failed: Запрос ReadProcessMemory или WriteProcessMemory был выполнен только частично. (0x12B)
[0108/210050.116:WARNING:pe_image_reader.cc(281)] could not read dos header from C:\Program Files\AVAST Software\Avast\x64\aswJsFlt.dll
[0108/210050.116:ERROR:process_reader_win.cc(242)] ReadMemory at 0x7fefcae0000 of 64 bytes failed: Запрос ReadProcessMemory или WriteProcessMemory был выполнен только частично. (0x12B)
[0108/210050.116:WARNING:pe_image_reader.cc(281)] could not read dos header from C:\Windows\system32\cryptbase.dll
[0108/210050.116:ERROR:process_reader_win.cc(242)] ReadMemory at 0x13f5b0000 of 64 bytes failed: Запрос ReadProcessMemory или WriteProcessMemory был выполнен только частично. (0x12B)
[0108/210050.116:WARNING:pe_image_reader.cc(281)] could not read dos header from C:\Program Files (x86)\Google\Chrome\Application\chrome.exe
[0108/210050.116:ERROR:process_reader_win.cc(242)] ReadMemory at 0x76f50000 of 64 bytes failed: Запрос ReadProcessMemory или WriteProcessMemory был выполнен только частично. (0x12B)
[0108/210050.116:WARNING:pe_image_reader.cc(281)] could not read dos header from C:\Windows\SYSTEM32\ntdll.dll
[0108/210050.116:ERROR:process_reader_win.cc(242)] ReadMemory at 0x7fefcf90000 of 64 bytes failed: Запрос ReadProcessMemory или WriteProcessMemory был выполнен только частично. (0x12B)
[0108/210050.116:WARNING:pe_image_reader.cc(281)] could not read dos header from C:\Windows\system32\KERNELBASE.dll
[0108/210050.116:ERROR:process_reader_win.cc(242)] ReadMemory at 0x76d30000 of 64 bytes failed: Запрос ReadProcessMemory или WriteProcessMemory был выполнен только частично. (0x12B)
[0108/210050.116:WARNING:pe_image_reader.cc(281)] could not read dos header from C:\Windows\system32\KERNEL32.dll
[0108/210050.116:ERROR:process_reader_win.cc(242)] ReadMemory at 0x7feee180000 of 64 bytes failed: Запрос ReadProcessMemory или WriteProcessMemory был выполнен только частично. (0x12B)
[0108/210050.116:WARNING:pe_image_reader.cc(281)] could not read dos header from C:\Program Files\AVAST Software\Avast\snxhk64.dll
[0108/210050.116:ERROR:process_reader_win.cc(242)] ReadMemory at 0x7fefe1e0000 of 64 bytes failed: Запрос ReadProcessMemory или WriteProcessMemory был выполнен только частично. (0x12B)
[0108/210050.116:WARNING:pe_image_reader.cc(281)] could not read dos header from C:\Windows\system32\msvcrt.dll
[0108/210050.116:ERROR:process_reader_win.cc(242)] ReadMemory at 0x7fefbd20000 of 64 bytes failed: Запрос ReadProcessMemory или WriteProcessMemory был выполнен только частично. (0x12B)
[0108/210050.116:WARNING:pe_image_reader.cc(281)] could not read dos header from C:\Windows\system32\VERSION.dll
[0108/210050.116:ERROR:process_reader_win.cc(242)] ReadMemory at 0x7feee0e0000 of 64 bytes failed: Запрос ReadProcessMemory или WriteProcessMemory был выполнен только частично. (0x12B)
[0108/210050.116:WARNING:pe_image_reader.cc(281)] could not read dos header from C:\Program Files (x86)\Google\Chrome\Application\63.0.3239.132\chrome_elf.dll
[0108/210050.116:ERROR:process_reader_win.cc(242)] ReadMemory at 0x7fefe3a0000 of 64 bytes failed: Запрос ReadProcessMemory или WriteProcessMemory был выполнен только частично. (0x12B)
[0108/210050.116:WARNING:pe_image_reader.cc(281)] could not read dos header from C:\Windows\system32\RPCRT4.dll
[0108/210050.116:ERROR:process_reader_win.cc(242)] ReadMemory at 0x7fefd000000 of 64 bytes failed: Запрос ReadProcessMemory или WriteProcessMemory был выполнен только частично. (0x12B)
[0108/210050.116:WARNING:pe_image_reader.cc(281)] could not read dos header from C:\Windows\SYSTEM32\sechost.dll
[0108/210050.116:ERROR:process_reader_win.cc(242)] ReadMemory at 0x7fefe020000 of 64 bytes failed: Запрос ReadProcessMemory или WriteProcessMemory был выполнен только частично. (0x12B)
[0108/210050.116:WARNING:pe_image_reader.cc(281)] could not read dos header from C:\Windows\system32\ADVAPI32.dll
[0108/210050.116:ERROR:process_reader_win.cc(242)] ReadMemory at 0x77110000 of 64 bytes failed: Запрос ReadProcessMemory или WriteProcessMemory был выполнен только частично. (0x12B)
[0108/210050.116:WARNING:pe_image_reader.cc(281)] could not read dos header from C:\Windows\system32\PSAPI.DLL
[0108/210050.116:ERROR:process_reader_win.cc(242)] ReadMemory at 0x560000 of 64 bytes failed: Запрос ReadProcessMemory или WriteProcessMemory был выполнен только частично. (0x12B)
[0108/210050.116:WARNING:pe_image_reader.cc(281)] could not read dos header from C:\Windows\system32\USER32.dll
[0108/210050.116:ERROR:process_reader_win.cc(242)] ReadMemory at 0x7fefd360000 of 64 bytes failed: Запрос ReadProcessMemory или WriteProcessMemory был выполнен только частично. (0x12B)
[0108/210050.116:WARNING:pe_image_reader.cc(281)] could not read dos header from C:\Windows\system32\USP10.dll
[0108/210050.116:ERROR:process_reader_win.cc(242)] ReadMemory at 0x7fefdb50000 of 64 bytes failed: Запрос ReadProcessMemory или WriteProcessMemory был выполнен только частично. (0x12B)
[0108/210050.116:WARNING:pe_image_reader.cc(281)] could not read dos header from C:\Windows\system32\LPK.dll
[0108/210050.116:ERROR:process_reader_win.cc(242)] ReadMemory at 0x7fefdfb0000 of 64 bytes failed: Запрос ReadProcessMemory или WriteProcessMemory был выполнен только частично. (0x12B)
[0108/210050.116:WARNING:pe_image_reader.cc(281)] could not read dos header from C:\Windows\system32\GDI32.dll
[0108/210050.116:ERROR:process_reader_win.cc(242)] ReadMemory at 0x7fefdf30000 of 64 bytes failed: Запрос ReadProcessMemory или WriteProcessMemory был выполнен только частично. (0x12B)
[0108/210050.116:WARNING:pe_image_reader.cc(281)] could not read dos header from C:\Windows\system32\SHLWAPI.dll
[0108/210050.116:ERROR:process_reader_win.cc(242)] ReadMemory at 0x7fefe4d0000 of 64 bytes failed: Запрос ReadProcessMemory или WriteProcessMemory был выполнен только частично. (0x12B)
[0108/210050.116:WARNING:pe_image_reader.cc(281)] could not read dos header from C:\Windows\system32\SHELL32.dll
[0108/210050.116:ERROR:process_reader_win.cc(242)] ReadMemory at 0x7fef70f0000 of 64 bytes failed: Запрос ReadProcessMemory или WriteProcessMemory был выполнен только частично. (0x12B)
[0108/210050.116:WARNING:pe_image_reader.cc(281)] could not read dos header from C:\Windows\system32\WINMM.dll
[0108/210050.116:ERROR:process_reader_win.cc(242)] ReadMemory at 0x7fefcc50000 of 64 bytes failed: Запрос ReadProcessMemory или WriteProcessMemory был выполнен только частично. (0x12B)
[0108/210050.116:WARNING:pe_image_reader.cc(281)] could not read dos header from C:\Windows\system32\profapi.dll
[0108/210050.116:ERROR:process_reader_win.cc(242)] ReadMemory at 0x7fefccb0000 of 64 bytes failed: Запрос ReadProcessMemory или WriteProcessMemory был выполнен только частично. (0x12B)
[0108/210050.116:WARNING:pe_image_reader.cc(281)] could not read dos header from C:\Windows\system32\USERENV.dll
[0108/210050.116:ERROR:process_reader_win.cc(242)] ReadMemory at 0x7fef54e0000 of 64 bytes failed: Запрос ReadProcessMemory или WriteProcessMemory был выполнен только частично. (0x12B)
[0108/210050.116:WARNING:pe_image_reader.cc(281)] could not read dos header from C:\Windows\system32\webio.dll
[0108/210050.116:ERROR:process_reader_win.cc(242)] ReadMemory at 0x7fef55f0000 of 64 bytes failed: Запрос ReadProcessMemory или WriteProcessMemory был выполнен только частично. (0x12B)
[0108/210050.116:WARNING:pe_image_reader.cc(281)] could not read dos header from C:\Windows\system32\WINHTTP.dll
[0108/210050.116:ERROR:process_reader_win.cc(242)] ReadMemory at 0x7fef6300000 of 64 bytes failed: Запрос ReadProcessMemory или WriteProcessMemory был выполнен только частично. (0x12B)
[0108/210050.116:WARNING:pe_image_reader.cc(281)] could not read dos header from C:\Windows\system32\api-ms-win-core-synch-l1-2-0.DLL
[0108/210050.116:ERROR:process_reader_win.cc(242)] ReadMemory at 0x7fefd630000 of 64 bytes failed: Запрос ReadProcessMemory или WriteProcessMemory был выполнен только частично. (0x12B)
[0108/210050.116:WARNING:pe_image_reader.cc(281)] could not read dos header from C:\Windows\system32\MSCTF.dll
[0108/210050.116:ERROR:process_reader_win.cc(242)] ReadMemory at 0x7fefdb20000 of 64 bytes failed: Запрос ReadProcessMemory или WriteProcessMemory был выполнен только частично. (0x12B)
[0108/210050.116:WARNING:pe_image_reader.cc(281)] could not read dos header from C:\Windows\system32\IMM32.DLL
[0108/210050.116:ERROR:process_reader_win.cc(242)] ReadMemory at 0x7fefd430000 of 64 bytes failed: Запрос ReadProcessMemory или WriteProcessMemory был выполнен только частично. (0x12B)
[0108/210050.116:WARNING:pe_image_reader.cc(281)] could not read dos header from C:\Windows\system32\ole32.dll
[0108/210050.116:ERROR:process_reader_win.cc(242)] ReadMemory at 0x7fefe100000 of 64 bytes failed: Запрос ReadProcessMemory или WriteProcessMemory был выполнен только частично. (0x12B)
[0108/210050.116:WARNING:pe_image_reader.cc(281)] could not read dos header from C:\Windows\system32\OLEAUT32.dll
[0108/210050.116:ERROR:process_reader_win.cc(242)] ReadMemory at 0x7fefd8d0000 of 64 bytes failed: Запрос ReadProcessMemory или WriteProcessMemory был выполнен только частично. (0x12B)
[0108/210050.116:WARNING:pe_image_reader.cc(281)] could not read dos header from C:\Windows\system32\NSI.dll
[0108/210050.116:ERROR:process_reader_win.cc(242)] ReadMemory at 0x7fefd2f0000 of 64 bytes failed: Запрос ReadProcessMemory или WriteProcessMemory был выполнен только частично. (0x12B)
[0108/210050.116:WARNING:pe_image_reader.cc(281)] could not read dos header from C:\Windows\system32\WS2_32.dll
[0108/210050.116:ERROR:process_reader_win.cc(242)] ReadMemory at 0x7fefcc40000 of 64 bytes failed: Запрос ReadProcessMemory или WriteProcessMemory был выполнен только частично. (0x12B)
[0108/210050.116:WARNING:pe_image_reader.cc(281)] could not read dos header from C:\Windows\system32\MSASN1.dll
[0108/210050.116:ERROR:process_reader_win.cc(242)] ReadMemory at 0x7fefcd00000 of 64 bytes failed: Запрос ReadProcessMemory или WriteProcessMemory был выполнен только частично. (0x12B)
[0108/210050.116:WARNING:pe_image_reader.cc(281)] could not read dos header from C:\Windows\system32\CRYPT32.dll
[0108/210050.116:ERROR:process_reader_win.cc(242)] ReadMemory at 0x7fefce70000 of 64 bytes failed: Запрос ReadProcessMemory или WriteProcessMemory был выполнен только частично. (0x12B)
[0108/210050.116:WARNING:pe_image_reader.cc(281)] could not read dos header from C:\Windows\system32\WINTRUST.dll
[0108/210050.116:ERROR:process_reader_win.cc(242)] ReadMemory at 0x7fefb690000 of 64 bytes failed: Запрос ReadProcessMemory или WriteProcessMemory был выполнен только частично. (0x12B)
[0108/210050.116:WARNING:pe_image_reader.cc(281)] could not read dos header from C:\Windows\WinSxS\amd64_microsoft.windows.common-controls_6595b64144ccf1df_6.0.7601.18837_none_fa3b1e3d17594757\COMCTL32.dll
[0108/210050.116:ERROR:process_reader_win.cc(242)] ReadMemory at 0x7fefdb60000 of 64 bytes failed: Запрос ReadProcessMemory или WriteProcessMemory был выполнен только частично. (0x12B)
[0108/210050.116:WARNING:pe_image_reader.cc(281)] could not read dos header from C:\Windows\system32\COMDLG32.dll
[0108/210050.116:ERROR:process_reader_win.cc(242)] ReadMemory at 0x7fef11c0000 of 64 bytes failed: Запрос ReadProcessMemory или WriteProcessMemory был выполнен только частично. (0x12B)
[0108/210050.116:WARNING:pe_image_reader.cc(281)] could not read dos header from C:\Windows\system32\dbghelp.dll
[0108/210050.116:ERROR:process_reader_win.cc(242)] ReadMemory at 0x7fef5350000 of 64 bytes failed: Запрос ReadProcessMemory или WriteProcessMemory был выполнен только частично. (0x12B)
[0108/210050.116:WARNING:pe_image_reader.cc(281)] could not read dos header from C:\Windows\system32\WINSPOOL.DRV
[0108/210050.116:ERROR:process_reader_win.cc(242)] ReadMemory at 0x7fefb0a0000 of 64 bytes failed: Запрос ReadProcessMemory или WriteProcessMemory был выполнен только частично. (0x12B)
[0108/210050.116:WARNING:pe_image_reader.cc(281)] could not read dos header from C:\Windows\system32\WINNSI.DLL
[0108/210050.116:ERROR:process_reader_win.cc(242)] ReadMemory at 0x7fefb0b0000 of 64 bytes failed: Запрос ReadProcessMemory или WriteProcessMemory был выполнен только частично. (0x12B)
[0108/210050.116:WARNING:pe_image_reader.cc(281)] could not read dos header from C:\Windows\system32\IPHLPAPI.DLL
[0108/210050.116:ERROR:process_reader_win.cc(242)] ReadMemory at 0x7fefca20000 of 64 bytes failed: Запрос ReadProcessMemory или WriteProcessMemory был выполнен только частично. (0x12B)
[0108/210050.116:WARNING:pe_image_reader.cc(281)] could not read dos header from C:\Windows\system32\Secur32.dll
[0108/210050.116:ERROR:process_reader_win.cc(242)] ReadMemory at 0x7fefca50000 of 64 bytes failed: Запрос ReadProcessMemory или WriteProcessMemory был выполнен только частично. (0x12B)
[0108/210050.116:WARNING:pe_image_reader.cc(281)] could not read dos header from C:\Windows\system32\SSPICLI.DLL
[0108/210050.116:ERROR:process_reader_win.cc(242)] ReadMemory at 0x7fefceb0000 of 64 bytes failed: Запрос ReadProcessMemory или WriteProcessMemory был выполнен только частично. (0x12B)
[0108/210050.116:WARNING:pe_image_reader.cc(281)] could not read dos header from C:\Windows\system32\api-ms-win-downlevel-ole32-l1-1-0.dll
[0108/210050.116:ERROR:process_reader_win.cc(242)] ReadMemory at 0x7fefccf0000 of 64 bytes failed: Запрос ReadProcessMemory или WriteProcessMemory был выполнен только частично. (0x12B)
[0108/210050.116:WARNING:pe_image_reader.cc(281)] could not read dos header from C:\Windows\system32\api-ms-win-downlevel-shlwapi-l1-1-0.dll
[0108/210050.116:ERROR:process_reader_win.cc(242)] ReadMemory at 0x7fefced0000 of 64 bytes failed: Запрос ReadProcessMemory или WriteProcessMemory был выполнен только частично. (0x12B)
[0108/210050.116:WARNING:pe_image_reader.cc(281)] could not read dos header from C:\Windows\system32\api-ms-win-downlevel-advapi32-l1-1-0.dll
[0108/210050.116:ERROR:process_reader_win.cc(242)] ReadMemory at 0x7fefcc60000 of 64 bytes failed: Запрос ReadProcessMemory или WriteProcessMemory был выполнен только частично. (0x12B)
[0108/210050.116:WARNING:pe_image_reader.cc(281)] could not read dos header from C:\Windows\system32\api-ms-win-downlevel-user32-l1-1-0.dll
[0108/210050.116:ERROR:process_reader_win.cc(242)] ReadMemory at 0x7fefcee0000 of 64 bytes failed: Запрос ReadProcessMemory или WriteProcessMemory был выполнен только частично. (0x12B)
[0108/210050.116:WARNING:pe_image_reader.cc(281)] could not read dos header from C:\Windows\system32\api-ms-win-downlevel-version-l1-1-0.dll
[0108/210050.116:ERROR:process_reader_win.cc(242)] ReadMemory at 0x7fefcec0000 of 64 bytes failed: Запрос ReadProcessMemory или WriteProcessMemory был выполнен только частично. (0x12B)
[0108/210050.116:WARNING:pe_image_reader.cc(281)] could not read dos header from C:\Windows\system32\api-ms-win-downlevel-normaliz-l1-1-0.dll
[0108/210050.116:ERROR:process_reader_win.cc(242)] ReadMemory at 0x77120000 of 64 bytes failed: Запрос ReadProcessMemory или WriteProcessMemory был выполнен только частично. (0x12B)
[0108/210050.116:WARNING:pe_image_reader.cc(281)] could not read dos header from C:\Windows\system32\normaliz.DLL
[0108/210050.116:ERROR:process_reader_win.cc(242)] ReadMemory at 0x7fefd020000 of 64 bytes failed: Запрос ReadProcessMemory или WriteProcessMemory был выполнен только частично. (0x12B)
[0108/210050.116:WARNING:pe_image_reader.cc(281)] could not read dos header from C:\Windows\system32\iertutil.dll
[0108/210050.116:ERROR:process_reader_win.cc(242)] ReadMemory at 0x7fefdc00000 of 64 bytes failed: Запрос ReadProcessMemory или WriteProcessMemory был выполнен только частично. (0x12B)
[0108/210050.116:WARNING:pe_image_reader.cc(281)] could not read dos header from C:\Windows\system32\WININET.dll
[0108/210050.116:ERROR:process_reader_win.cc(242)] ReadMemory at 0x7fefd740000 of 64 bytes failed: Запрос ReadProcessMemory или WriteProcessMemory был выполнен только частично. (0x12B)
[0108/210050.116:WARNING:pe_image_reader.cc(281)] could not read dos header from C:\Windows\system32\urlmon.dll
[0108/210050.116:ERROR:process_reader_win.cc(242)] ReadMemory at 0x7feeab20000 of 64 bytes failed: Запрос ReadProcessMemory или WriteProcessMemory был выполнен только частично. (0x12B)
[0108/210050.116:WARNING:pe_image_reader.cc(281)] could not read dos header from C:\Windows\system32\DWrite.dll
[0108/210050.116:ERROR:process_reader_win.cc(242)] ReadMemory at 0x7fee6930000 of 64 bytes failed: Запрос ReadProcessMemory или WriteProcessMemory был выполнен только частично. (0x12B)
[0108/210050.116:WARNING:pe_image_reader.cc(281)] could not read dos header from C:\Program Files (x86)\Google\Chrome\Application\63.0.3239.132\chrome_child.dll
[0108/210050.116:ERROR:process_reader_win.cc(242)] ReadMemory at 0x7feeaa90000 of 64 bytes failed: Запрос ReadProcessMemory или WriteProcessMemory был выполнен только частично. (0x12B)
[0108/210050.116:WARNING:pe_image_reader.cc(281)] could not read dos header from C:\Program Files\AVAST Software\Avast\x64\aswJsFlt.dll
[0108/210050.116:ERROR:process_reader_win.cc(242)] ReadMemory at 0x7fefcae0000 of 64 bytes failed: Запрос ReadProcessMemory или WriteProcessMemory был выполнен только частично. (0x12B)
[0108/210050.116:WARNING:pe_image_reader.cc(281)] could not read dos header from C:\Windows\system32\cryptbase.dll
[0108/210050.132:ERROR:process_reader_win.cc(242)] ReadMemory at 0x13f5b0000 of 64 bytes failed: Запрос ReadProcessMemory или WriteProcessMemory был выполнен только частично. (0x12B)
[0108/210050.132:WARNING:pe_image_reader.cc(281)] could not read dos header from C:\Program Files (x86)\Google\Chrome\Application\chrome.exe
[0108/210050.132:ERROR:process_reader_win.cc(242)] ReadMemory at 0x76f50000 of 64 bytes failed: Запрос ReadProcessMemory или WriteProcessMemory был выполнен только частично. (0x12B)
[0108/210050.132:WARNING:pe_image_reader.cc(281)] could not read dos header from C:\Windows\SYSTEM32\ntdll.dll
[0108/210050.132:ERROR:process_reader_win.cc(242)] ReadMemory at 0x7fefcf90000 of 64 bytes failed: Запрос ReadProcessMemory или WriteProcessMemory был выполнен только частично. (0x12B)
[0108/210050.132:WARNING:pe_image_reader.cc(281)] could not read dos header from C:\Windows\system32\KERNELBASE.dll
[0108/210050.132:ERROR:process_reader_win.cc(242)] ReadMemory at 0x76d30000 of 64 bytes failed: Запрос ReadProcessMemory или WriteProcessMemory был выполнен только частично. (0x12B)
[0108/210050.132:WARNING:pe_image_reader.cc(281)] could not read dos header from C:\Windows\system32\KERNEL32.dll
[0108/210050.132:ERROR:process_reader_win.cc(242)] ReadMemory at 0x7feee180000 of 64 bytes failed: Запрос ReadProcessMemory или WriteProcessMemory был выполнен только частично. (0x12B)
[0108/210050.132:WARNING:pe_image_reader.cc(281)] could not read dos header from C:\Program Files\AVAST Software\Avast\snxhk64.dll
[0108/210050.132:ERROR:process_reader_win.cc(242)] ReadMemory at 0x7fefe1e0000 of 64 bytes failed: Запрос ReadProcessMemory или WriteProcessMemory был выполнен только частично. (0x12B)
[0108/210050.132:WARNING:pe_image_reader.cc(281)] could not read dos header from C:\Windows\system32\msvcrt.dll
[0108/210050.132:ERROR:process_reader_win.cc(242)] ReadMemory at 0x7fefbd20000 of 64 bytes failed: Запрос ReadProcessMemory или WriteProcessMemory был выполнен только частично. (0x12B)
[0108/210050.132:WARNING:pe_image_reader.cc(281)] could not read dos header from C:\Windows\system32\VERSION.dll
[0108/210050.132:ERROR:process_reader_win.cc(242)] ReadMemory at 0x7feee0e0000 of 64 bytes failed: Запрос ReadProcessMemory или WriteProcessMemory был выполнен только частично. (0x12B)
[0108/210050.132:WARNING:pe_image_reader.cc(281)] could not read dos header from C:\Program Files (x86)\Google\Chrome\Application\63.0.3239.132\chrome_elf.dll
[0108/210050.132:ERROR:process_reader_win.cc(242)] ReadMemory at 0x7fefe3a0000 of 64 bytes failed: Запрос ReadProcessMemory или WriteProcessMemory был выполнен только частично. (0x12B)
[0108/210050.132:WARNING:pe_image_reader.cc(281)] could not read dos header from C:\Windows\system32\RPCRT4.dll
[0108/210050.132:ERROR:process_reader_win.cc(242)] ReadMemory at 0x7fefd000000 of 64 bytes failed: Запрос ReadProcessMemory или WriteProcessMemory был выполнен только частично. (0x12B)
[0108/210050.132:WARNING:pe_image_reader.cc(281)] could not read dos header from C:\Windows\SYSTEM32\sechost.dll
[0108/210050.132:ERROR:process_reader_win.cc(242)] ReadMemory at 0x7fefe020000 of 64 bytes failed: Запрос ReadProcessMemory или WriteProcessMemory был выполнен только частично. (0x12B)
[0108/210050.132:WARNING:pe_image_reader.cc(281)] could not read dos header from C:\Windows\system32\ADVAPI32.dll
[0108/210050.132:ERROR:process_reader_win.cc(242)] ReadMemory at 0x77110000 of 64 bytes failed: Запрос ReadProcessMemory или WriteProcessMemory был выполнен только частично. (0x12B)
[0108/210050.132:WARNING:pe_image_reader.cc(281)] could not read dos header from C:\Windows\system32\PSAPI.DLL
[0108/210050.132:ERROR:process_reader_win.cc(242)] ReadMemory at 0x560000 of 64 bytes failed: Запрос ReadProcessMemory или WriteProcessMemory был выполнен только частично. (0x12B)
[0108/210050.132:WARNING:pe_image_reader.cc(281)] could not read dos header from C:\Windows\system32\USER32.dll
[0108/210050.132:ERROR:process_reader_win.cc(242)] ReadMemory at 0x7fefd360000 of 64 bytes failed: Запрос ReadProcessMemory или WriteProcessMemory был выполнен только частично. (0x12B)
[0108/210050.132:WARNING:pe_image_reader.cc(281)] could not read dos header from C:\Windows\system32\USP10.dll
[0108/210050.132:ERROR:process_reader_win.cc(242)] ReadMemory at 0x7fefdb50000 of 64 bytes failed: Запрос ReadProcessMemory или WriteProcessMemory был выполнен только частично. (0x12B)
[0108/210050.132:WARNING:pe_image_reader.cc(281)] could not read dos header from C:\Windows\system32\LPK.dll
[0108/210050.132:ERROR:process_reader_win.cc(242)] ReadMemory at 0x7fefdfb0000 of 64 bytes failed: Запрос ReadProcessMemory или WriteProcessMemory был выполнен только частично. (0x12B)
[0108/210050.132:WARNING:pe_image_reader.cc(281)] could not read dos header from C:\Windows\system32\GDI32.dll
[0108/210050.132:ERROR:process_reader_win.cc(242)] ReadMemory at 0x7fefdf30000 of 64 bytes failed: Запрос ReadProcessMemory или WriteProcessMemory был выполнен только частично. (0x12B)
[0108/210050.132:WARNING:pe_image_reader.cc(281)] could not read dos header from C:\Windows\system32\SHLWAPI.dll
[0108/210050.132:ERROR:process_reader_win.cc(242)] ReadMemory at 0x7fefe4d0000 of 64 bytes failed: Запрос ReadProcessMemory или WriteProcessMemory был выполнен только частично. (0x12B)
[0108/210050.132:WARNING:pe_image_reader.cc(281)] could not read dos header from C:\Windows\system32\SHELL32.dll
[0108/210050.132:ERROR:process_reader_win.cc(242)] ReadMemory at 0x7fef70f0000 of 64 bytes failed: Запрос ReadProcessMemory или WriteProcessMemory был выполнен только частично. (0x12B)
[0108/210050.132:WARNING:pe_image_reader.cc(281)] could not read dos header from C:\Windows\system32\WINMM.dll
[0108/210050.132:ERROR:process_reader_win.cc(242)] ReadMemory at 0x7fefcc50000 of 64 bytes failed: Запрос ReadProcessMemory или WriteProcessMemory был выполнен только частично. (0x12B)
[0108/210050.132:WARNING:pe_image_reader.cc(281)] could not read dos header from C:\Windows\system32\profapi.dll
[0108/210050.132:ERROR:process_reader_win.cc(242)] ReadMemory at 0x7fefccb0000 of 64 bytes failed: Запрос ReadProcessMemory или WriteProcessMemory был выполнен только частично. (0x12B)
[0108/210050.132:WARNING:pe_image_reader.cc(281)] could not read dos header from C:\Windows\system32\USERENV.dll
[0108/210050.132:ERROR:process_reader_win.cc(242)] ReadMemory at 0x7fef54e0000 of 64 bytes failed: Запрос ReadProcessMemory или WriteProcessMemory был выполнен только частично. (0x12B)
[0108/210050.132:WARNING:pe_image_reader.cc(281)] could not read dos header from C:\Windows\system32\webio.dll
[0108/210050.132:ERROR:process_reader_win.cc(242)] ReadMemory at 0x7fef55f0000 of 64 bytes failed: Запрос ReadProcessMemory или WriteProcessMemory был выполнен только частично. (0x12B)
[0108/210050.132:WARNING:pe_image_reader.cc(281)] could not read dos header from C:\Windows\system32\WINHTTP.dll
[0108/210050.132:ERROR:process_reader_win.cc(242)] ReadMemory at 0x7fef6300000 of 64 bytes failed: Запрос ReadProcessMemory или WriteProcessMemory был выполнен только частично. (0x12B)
[0108/210050.132:WARNING:pe_image_reader.cc(281)] could not read dos header from C:\Windows\system32\api-ms-win-core-synch-l1-2-0.DLL
[0108/210050.132:ERROR:process_reader_win.cc(242)] ReadMemory at 0x7fefd630000 of 64 bytes failed: Запрос ReadProcessMemory или WriteProcessMemory был выполнен только частично. (0x12B)
[0108/210050.132:WARNING:pe_image_reader.cc(281)] could not read dos header from C:\Windows\system32\MSCTF.dll
[0108/210050.132:ERROR:process_reader_win.cc(242)] ReadMemory at 0x7fefdb20000 of 64 bytes failed: Запрос ReadProcessMemory или WriteProcessMemory был выполнен только частично. (0x12B)
[0108/210050.132:WARNING:pe_image_reader.cc(281)] could not read dos header from C:\Windows\system32\IMM32.DLL
[0108/210050.132:ERROR:process_reader_win.cc(242)] ReadMemory at 0x7fefd430000 of 64 bytes failed: Запрос ReadProcessMemory или WriteProcessMemory был выполнен только частично. (0x12B)
[0108/210050.132:WARNING:pe_image_reader.cc(281)] could not read dos header from C:\Windows\system32\ole32.dll
[0108/210050.132:ERROR:process_reader_win.cc(242)] ReadMemory at 0x7fefe100000 of 64 bytes failed: Запрос ReadProcessMemory или WriteProcessMemory был выполнен только частично. (0x12B)
[0108/210050.132:WARNING:pe_image_reader.cc(281)] could not read dos header from C:\Windows\system32\OLEAUT32.dll
[0108/210050.132:ERROR:process_reader_win.cc(242)] ReadMemory at 0x7fefd8d0000 of 64 bytes failed: Запрос ReadProcessMemory или WriteProcessMemory был выполнен только частично. (0x12B)
[0108/210050.132:WARNING:pe_image_reader.cc(281)] could not read dos header from C:\Windows\system32\NSI.dll
[0108/210050.132:ERROR:process_reader_win.cc(242)] ReadMemory at 0x7fefd2f0000 of 64 bytes failed: Запрос ReadProcessMemory или WriteProcessMemory был выполнен только частично. (0x12B)
[0108/210050.132:WARNING:pe_image_reader.cc(281)] could not read dos header from C:\Windows\system32\WS2_32.dll
[0108/210050.132:ERROR:process_reader_win.cc(242)] ReadMemory at 0x7fefcc40000 of 64 bytes failed: Запрос ReadProcessMemory или WriteProcessMemory был выполнен только частично. (0x12B)
[0108/210050.132:WARNING:pe_image_reader.cc(281)] could not read dos header from C:\Windows\system32\MSASN1.dll
[0108/210050.132:ERROR:process_reader_win.cc(242)] ReadMemory at 0x7fefcd00000 of 64 bytes failed: Запрос ReadProcessMemory или WriteProcessMemory был выполнен только частично. (0x12B)
[0108/210050.132:WARNING:pe_image_reader.cc(281)] could not read dos header from C:\Windows\system32\CRYPT32.dll
[0108/210050.132:ERROR:process_reader_win.cc(242)] ReadMemory at 0x7fefce70000 of 64 bytes failed: Запрос ReadProcessMemory или WriteProcessMemory был выполнен только частично. (0x12B)
[0108/210050.132:WARNING:pe_image_reader.cc(281)] could not read dos header from C:\Windows\system32\WINTRUST.dll
[0108/210050.132:ERROR:process_reader_win.cc(242)] ReadMemory at 0x7fefb690000 of 64 bytes failed: Запрос ReadProcessMemory или WriteProcessMemory был выполнен только частично. (0x12B)
[0108/210050.132:WARNING:pe_image_reader.cc(281)] could not read dos header from C:\Windows\WinSxS\amd64_microsoft.windows.common-controls_6595b64144ccf1df_6.0.7601.18837_none_fa3b1e3d17594757\COMCTL32.dll
[0108/210050.132:ERROR:process_reader_win.cc(242)] ReadMemory at 0x7fefdb60000 of 64 bytes failed: Запрос ReadProcessMemory или WriteProcessMemory был выполнен только частично. (0x12B)
[0108/210050.132:WARNING:pe_image_reader.cc(281)] could not read dos header from C:\Windows\system32\COMDLG32.dll
[0108/210050.132:ERROR:process_reader_win.cc(242)] ReadMemory at 0x7fef11c0000 of 64 bytes failed: Запрос ReadProcessMemory или WriteProcessMemory был выполнен только частично. (0x12B)
[0108/210050.132:WARNING:pe_image_reader.cc(281)] could not read dos header from C:\Windows\system32\dbghelp.dll
[0108/210050.132:ERROR:process_reader_win.cc(242)] ReadMemory at 0x7fef5350000 of 64 bytes failed: Запрос ReadProcessMemory или WriteProcessMemory был выполнен только частично. (0x12B)
[0108/210050.132:WARNING:pe_image_reader.cc(281)] could not read dos header from C:\Windows\system32\WINSPOOL.DRV
[0108/210050.132:ERROR:process_reader_win.cc(242)] ReadMemory at 0x7fefb0a0000 of 64 bytes failed: Запрос ReadProcessMemory или WriteProcessMemory был выполнен только частично. (0x12B)
[0108/210050.132:WARNING:pe_image_reader.cc(281)] could not read dos header from C:\Windows\system32\WINNSI.DLL
[0108/210050.132:ERROR:process_reader_win.cc(242)] ReadMemory at 0x7fefb0b0000 of 64 bytes failed: Запрос ReadProcessMemory или WriteProcessMemory был выполнен только частично. (0x12B)
[0108/210050.132:WARNING:pe_image_reader.cc(281)] could not read dos header from C:\Windows\system32\IPHLPAPI.DLL
[0108/210050.132:ERROR:process_reader_win.cc(242)] ReadMemory at 0x7fefca20000 of 64 bytes failed: Запрос ReadProcessMemory или WriteProcessMemory был выполнен только частично. (0x12B)
[0108/210050.132:WARNING:pe_image_reader.cc(281)] could not read dos header from C:\Windows\system32\Secur32.dll
[0108/210050.132:ERROR:process_reader_win.cc(242)] ReadMemory at 0x7fefca50000 of 64 bytes failed: Запрос ReadProcessMemory или WriteProcessMemory был выполнен только частично. (0x12B)
[0108/210050.132:WARNING:pe_image_reader.cc(281)] could not read dos header from C:\Windows\system32\SSPICLI.DLL
[0108/210050.132:ERROR:process_reader_win.cc(242)] ReadMemory at 0x7fefceb0000 of 64 bytes failed: Запрос ReadProcessMemory или WriteProcessMemory был выполнен только частично. (0x12B)
[0108/210050.132:WARNING:pe_image_reader.cc(281)] could not read dos header from C:\Windows\system32\api-ms-win-downlevel-ole32-l1-1-0.dll
[0108/210050.132:ERROR:process_reader_win.cc(242)] ReadMemory at 0x7fefccf0000 of 64 bytes failed: Запрос ReadProcessMemory или WriteProcessMemory был выполнен только частично. (0x12B)
[0108/210050.132:WARNING:pe_image_reader.cc(281)] could not read dos header from C:\Windows\system32\api-ms-win-downlevel-shlwapi-l1-1-0.dll
[0108/210050.132:ERROR:process_reader_win.cc(242)] ReadMemory at 0x7fefced0000 of 64 bytes failed: Запрос ReadProcessMemory или WriteProcessMemory был выполнен только частично. (0x12B)
[0108/210050.132:WARNING:pe_image_reader.cc(281)] could not read dos header from C:\Windows\system32\api-ms-win-downlevel-advapi32-l1-1-0.dll
[0108/210050.132:ERROR:process_reader_win.cc(242)] ReadMemory at 0x7fefcc60000 of 64 bytes failed: Запрос ReadProcessMemory или WriteProcessMemory был выполнен только частично. (0x12B)
[0108/210050.132:WARNING:pe_image_reader.cc(281)] could not read dos header from C:\Windows\system32\api-ms-win-downlevel-user32-l1-1-0.dll
[0108/210050.132:ERROR:process_reader_win.cc(242)] ReadMemory at 0x7fefcee0000 of 64 bytes failed: Запрос ReadProcessMemory или WriteProcessMemory был выполнен только частично. (0x12B)
[0108/210050.132:WARNING:pe_image_reader.cc(281)] could not read dos header from C:\Windows\system32\api-ms-win-downlevel-version-l1-1-0.dll
[0108/210050.132:ERROR:process_reader_win.cc(242)] ReadMemory at 0x7fefcec0000 of 64 bytes failed: Запрос ReadProcessMemory или WriteProcessMemory был выполнен только частично. (0x12B)
[0108/210050.132:WARNING:pe_image_reader.cc(281)] could not read dos header from C:\Windows\system32\api-ms-win-downlevel-normaliz-l1-1-0.dll
[0108/210050.132:ERROR:process_reader_win.cc(242)] ReadMemory at 0x77120000 of 64 bytes failed: Запрос ReadProcessMemory или WriteProcessMemory был выполнен только частично. (0x12B)
[0108/210050.132:WARNING:pe_image_reader.cc(281)] could not read dos header from C:\Windows\system32\normaliz.DLL
[0108/210050.132:ERROR:process_reader_win.cc(242)] ReadMemory at 0x7fefd020000 of 64 bytes failed: Запрос ReadProcessMemory или WriteProcessMemory был выполнен только частично. (0x12B)
[0108/210050.132:WARNING:pe_image_reader.cc(281)] could not read dos header from C:\Windows\system32\iertutil.dll
[0108/210050.132:ERROR:process_reader_win.cc(242)] ReadMemory at 0x7fefdc00000 of 64 bytes failed: Запрос ReadProcessMemory или WriteProcessMemory был выполнен только частично. (0x12B)
[0108/210050.132:WARNING:pe_image_reader.cc(281)] could not read dos header from C:\Windows\system32\WININET.dll
[0108/210050.132:ERROR:process_reader_win.cc(242)] ReadMemory at 0x7fefd740000 of 64 bytes failed: Запрос ReadProcessMemory или WriteProcessMemory был выполнен только частично. (0x12B)
[0108/210050.132:WARNING:pe_image_reader.cc(281)] could not read dos header from C:\Windows\system32\urlmon.dll
[0108/210050.132:ERROR:process_reader_win.cc(242)] ReadMemory at 0x7feeab20000 of 64 bytes failed: Запрос ReadProcessMemory или WriteProcessMemory был выполнен только частично. (0x12B)
[0108/210050.132:WARNING:pe_image_reader.cc(281)] could not read dos header from C:\Windows\system32\DWrite.dll
[0108/210050.132:ERROR:process_reader_win.cc(242)] ReadMemory at 0x7fee6930000 of 64 bytes failed: Запрос ReadProcessMemory или WriteProcessMemory был выполнен только частично. (0x12B)
[0108/210050.132:WARNING:pe_image_reader.cc(281)] could not read dos header from C:\Program Files (x86)\Google\Chrome\Application\63.0.3239.132\chrome_child.dll
[0108/210050.132:ERROR:process_reader_win.cc(242)] ReadMemory at 0x7feeaa90000 of 64 bytes failed: Запрос ReadProcessMemory или WriteProcessMemory был выполнен только частично. (0x12B)
[0108/210050.132:WARNING:pe_image_reader.cc(281)] could not read dos header from C:\Program Files\AVAST Software\Avast\x64\aswJsFlt.dll
[0108/210050.132:ERROR:process_reader_win.cc(242)] ReadMemory at 0x7fefcae0000 of 64 bytes failed: Запрос ReadProcessMemory или WriteProcessMemory был выполнен только частично. (0x12B)
[0108/210050.132:WARNING:pe_image_reader.cc(281)] could not read dos header from C:\Windows\system32\cryptbase.dll
[0108/210050.148:ERROR:process_reader_win.cc(242)] ReadMemory at 0x2ee000 of 73728 bytes failed: Запрос ReadProcessMemory или WriteProcessMemory был выполнен только частично. (0x12B)
[0108/210050.148:ERROR:crash_report_exception_handler.cc(116)] WriteEverything failed
[0108/210050.148:ERROR:scoped_process_suspend.cc(39)] NtResumeProcess: Попытка доступа к процессу, выполняющему процедуру завершения.  (0xc000010a)
